<?xml version="1.0" encoding="UTF-8"?>
<!-- Generated by org.testng.reporters.JUnitReportReporter -->
<testsuite skipped="0" hostname="DESKTOP-3BD8O7U" name="javaquestions.Arrayques" tests="1" failures="0" timestamp="01 Aug 2019 21:25:43 GMT" time="0.008" errors="0">
  <testcase name="array" time="0.008" classname="javaquestions.Arrayques"/>
</testsuite> <!-- javaquestions.Arrayques -->
